This is METAFONT, Version 2.7182 (Web2C 7.4.5) (base=mf 2005.1.6)  21 MAR 2006 20:12
**hajexpfit.m Spectral/
(hajexpfit.m
>> function
>> corrected-beta
! Not implemented: (unknown numeric)*(unknown numeric).
<to be read again> 
                   ]
l.8 function [beta,corrected]
                              =hajexpfit(x,y,plotresult)
? ls
Type <return> to proceed, S to scroll future error messages,
R to run without stopping, Q to run quietly,
I to insert something, E to edit your file,
1 or ... or 9 to ignore the next 1 to 9 tokens of input,
H for help, X to quit.
? 
! Extra tokens will be flushed.
<to be read again> 
                   (
l.8 function [beta,corrected] =hajexpfit(
                                         x,y,plotresult)
? q
OK, entering batchmode...
 )
